Using pre-set license
Built from '2020.3/release' branch; Version is '2020.3.1f1 (77a89f25062f) revision 7841951'; Using compiler version '192528614'; Build Type 'Release'
OS: 'Windows 10 Pro; OS build 19045.2604; Version 2009; 64bit' Language: 'en' Physical Memory: 32175 MB
BatchMode: 1, IsHumanControllingUs: 0, StartBugReporterOnCrash: 0, Is64bit: 1, IsPro: 0

 COMMAND LINE ARGUMENTS:
C:\Program Files\Unity\Hub\Editor\2020.3.1f1\Editor\Unity.exe
-adb2
-batchMode
-noUpm
-name
AssetImportWorker0
-projectPath
C:/Users/Super/Documents/GitHub/UnityBootstrap/FirstPersonBootstrap
-logFile
Logs/AssetImportWorker0.log
-srvPort
63289
Successfully changed project path to: C:/Users/Super/Documents/GitHub/UnityBootstrap/FirstPersonBootstrap
C:/Users/Super/Documents/GitHub/UnityBootstrap/FirstPersonBootstrap
Using Asset Import Pipeline V2.
Refreshing native plugins compatible for Editor in 17.61 ms, found 0 plugins.
Preloading 0 native plugins for Editor in 0.00 ms.
Initialize engine version: 2020.3.1f1 (77a89f25062f)
[Subsystems] Discovering subsystems at path C:/Program Files/Unity/Hub/Editor/2020.3.1f1/Editor/Data/Resources/UnitySubsystems
[Subsystems] Discovering subsystems at path C:/Users/Super/Documents/GitHub/UnityBootstrap/FirstPersonBootstrap/Assets
GfxDevice: creating device client; threaded=0
Direct3D:
    Version:  Direct3D 11.0 [level 11.1]
    Renderer: NVIDIA GeForce RTX 3080 Laptop GPU (ID=0x249c)
    Vendor:   
    VRAM:     16191 MB
    Driver:   31.0.15.3118
Initialize mono
Mono path[0] = 'C:/Program Files/Unity/Hub/Editor/2020.3.1f1/Editor/Data/Managed'
Mono path[1] = 'C:/Program Files/Unity/Hub/Editor/2020.3.1f1/Editor/Data/MonoBleedingEdge/lib/mono/unityjit'
Mono config path = 'C:/Program Files/Unity/Hub/Editor/2020.3.1f1/Editor/Data/MonoBleedingEdge/etc'
Using monoOptions --debugger-agent=transport=dt_socket,embedding=1,server=y,suspend=n,address=127.0.0.1:56404
Begin MonoManager ReloadAssembly
Registering precompiled unity dll's ...
Register platform support module: C:/Program Files/Unity/Hub/Editor/2020.3.1f1/Editor/Data/PlaybackEngines/WindowsStandaloneSupport/UnityEditor.WindowsStandalone.Extensions.dll
Registered in 0.001747 seconds.
Native extension for WindowsStandalone target not found
Refreshing native plugins compatible for Editor in 19.18 ms, found 0 plugins.
Preloading 0 native plugins for Editor in 0.00 ms.
Invoked RoslynAnalysisRunner static constructor.
RoslynAnalysisRunner will not be running.
RoslynAnalysisRunner has terminated.
Mono: successfully reloaded assembly
- Completed reload, in  0.737 seconds
Platform modules already initialized, skipping
Registering precompiled user dll's ...
Registered in 0.000617 seconds.
Begin MonoManager ReloadAssembly
Native extension for WindowsStandalone target not found
Refreshing native plugins compatible for Editor in 0.23 ms, found 0 plugins.
Preloading 0 native plugins for Editor in 0.00 ms.
Invoked RoslynAnalysisRunner static constructor.
RoslynAnalysisRunner will not be running.
RoslynAnalysisRunner has terminated.
Mono: successfully reloaded assembly
- Completed reload, in  0.557 seconds
Platform modules already initialized, skipping
========================================================================
Worker process is ready to serve import requests
Launched and connected shader compiler UnityShaderCompiler.exe after 0.04 seconds
Refreshing native plugins compatible for Editor in 0.23 ms, found 0 plugins.
Preloading 0 native plugins for Editor in 0.00 ms.
Unloading 1167 Unused Serialized files (Serialized files now loaded: 0)
System memory in use before: 60.2 MB.
System memory in use after: 60.3 MB.

Unloading 10 unused Assets to reduce memory usage. Loaded Objects now: 1610.
Total: 1.822800 ms (FindLiveObjects: 0.132700 ms CreateObjectMapping: 0.028700 ms MarkObjects: 1.594400 ms  DeleteObjects: 0.066200 ms)

========================================================================
Received Import Request.
  path: Assets/Prefab/Box Obsticle.prefab
  artifactKey: Guid(275048baef041ce418daab2fa939cfba) Importer(815301076,1909f56bfc062723c751e8b465ee728b)
Start importing Assets/Prefab/Box Obsticle.prefab using Guid(275048baef041ce418daab2fa939cfba) Importer(815301076,1909f56bfc062723c751e8b465ee728b)  -> (artifact id: '72ecdd7baa788a98b2907ba07ae062e5') in 0.050693 seconds
  Import took 0.052524 seconds .

========================================================================
Received Import Request.
  Time since last request: 22.044524 seconds.
  path: Assets/Prefab/Box Obsticle.prefab
  artifactKey: Guid(275048baef041ce418daab2fa939cfba) Importer(815301076,1909f56bfc062723c751e8b465ee728b)
Start importing Assets/Prefab/Box Obsticle.prefab using Guid(275048baef041ce418daab2fa939cfba) Importer(815301076,1909f56bfc062723c751e8b465ee728b)  -> (artifact id: '0e6a7d37233a7caeb664ad5a90437ed4') in 0.153528 seconds
  Import took 0.156051 seconds .

========================================================================
Received Import Request.
  Time since last request: 0.002601 seconds.
  path: Assets/Prefab/Box Obsticle.prefab
  artifactKey: Guid(275048baef041ce418daab2fa939cfba) Importer(815301076,1909f56bfc062723c751e8b465ee728b)
Start importing Assets/Prefab/Box Obsticle.prefab using Guid(275048baef041ce418daab2fa939cfba) Importer(815301076,1909f56bfc062723c751e8b465ee728b)  -> (artifact id: '0e6a7d37233a7caeb664ad5a90437ed4') in 0.009985 seconds
  Import took 0.012063 seconds .

========================================================================
Received Import Request.
  Time since last request: 12.975195 seconds.
  path: Assets/Prefab/Box Obsticle.prefab
  artifactKey: Guid(275048baef041ce418daab2fa939cfba) Importer(815301076,1909f56bfc062723c751e8b465ee728b)
Start importing Assets/Prefab/Box Obsticle.prefab using Guid(275048baef041ce418daab2fa939cfba) Importer(815301076,1909f56bfc062723c751e8b465ee728b)  -> (artifact id: '6b6a1c35d4a7851e15ba2781cae6e177') in 0.012169 seconds
  Import took 0.014360 seconds .

========================================================================
Received Import Request.
  Time since last request: 39.112942 seconds.
  path: Assets/Tree.prefab
  artifactKey: Guid(7a8e7caaf1bbff04fbcf0796cbbd4c0a) Importer(815301076,1909f56bfc062723c751e8b465ee728b)
Start importing Assets/Tree.prefab using Guid(7a8e7caaf1bbff04fbcf0796cbbd4c0a) Importer(815301076,1909f56bfc062723c751e8b465ee728b)  -> (artifact id: '3ca6436c7148d97a74726d5dc0c4478c') in 0.164071 seconds
  Import took 0.166082 seconds .

========================================================================
Received Import Request.
  Time since last request: 0.000675 seconds.
  path: Assets/Tree.prefab
  artifactKey: Guid(7a8e7caaf1bbff04fbcf0796cbbd4c0a) Importer(815301076,1909f56bfc062723c751e8b465ee728b)
Start importing Assets/Tree.prefab using Guid(7a8e7caaf1bbff04fbcf0796cbbd4c0a) Importer(815301076,1909f56bfc062723c751e8b465ee728b)  -> (artifact id: '3ca6436c7148d97a74726d5dc0c4478c') in 0.022702 seconds
  Import took 0.024754 seconds .

========================================================================
Received Import Request.
  Time since last request: 9.960767 seconds.
  path: Assets/Materials/ColorOnlyMat/WallMat.mat
  artifactKey: Guid(e3f6cdc9097f940b7885e3517407bc43) Importer(815301076,1909f56bfc062723c751e8b465ee728b)
Start importing Assets/Materials/ColorOnlyMat/WallMat.mat using Guid(e3f6cdc9097f940b7885e3517407bc43) Importer(815301076,1909f56bfc062723c751e8b465ee728b)  -> (artifact id: 'ed0b71282c60bb7a67a64297e66b7f22') in 0.018816 seconds
  Import took 0.020778 seconds .

========================================================================
Received Import Request.
  Time since last request: 0.031779 seconds.
  path: Assets/TextMesh Pro/Examples & Extras/Materials/Small Crate_diffuse.mat
  artifactKey: Guid(22262639920f43d6be32430e4e58350d) Importer(815301076,1909f56bfc062723c751e8b465ee728b)
Start importing Assets/TextMesh Pro/Examples & Extras/Materials/Small Crate_diffuse.mat using Guid(22262639920f43d6be32430e4e58350d) Importer(815301076,1909f56bfc062723c751e8b465ee728b)  -> (artifact id: '2c91403f289f0d35e256901cf962989b') in 0.173465 seconds
  Import took 0.175447 seconds .

========================================================================
Received Import Request.
  Time since last request: 0.068110 seconds.
  path: Assets/Materials/ColorOnlyMat/ShootableMat.mat
  artifactKey: Guid(1a4c844d97e4b4d99a0aa793424a6063) Importer(815301076,1909f56bfc062723c751e8b465ee728b)
Start importing Assets/Materials/ColorOnlyMat/ShootableMat.mat using Guid(1a4c844d97e4b4d99a0aa793424a6063) Importer(815301076,1909f56bfc062723c751e8b465ee728b)  -> (artifact id: '6f8a121c0638afe43a462f58859d7d82') in 0.009278 seconds
  Import took 0.011156 seconds .

========================================================================
Received Import Request.
  Time since last request: 0.062450 seconds.
  path: Assets/TextMesh Pro/Examples & Extras/Resources/Fonts & Materials/Roboto-Bold SDF.asset
  artifactKey: Guid(5302535af1044152a457ed104f1f4b91) Importer(815301076,1909f56bfc062723c751e8b465ee728b)
Start importing Assets/TextMesh Pro/Examples & Extras/Resources/Fonts & Materials/Roboto-Bold SDF.asset using Guid(5302535af1044152a457ed104f1f4b91) Importer(815301076,1909f56bfc062723c751e8b465ee728b)  -> (artifact id: '3b47d48d73a6d89e048de20dff6dc23a') in 0.038124 seconds
  Import took 0.040122 seconds .

========================================================================
Received Import Request.
  Time since last request: 0.167165 seconds.
  path: Assets/TextMesh Pro/Examples & Extras/Resources/Fonts & Materials/Roboto-Bold SDF - Surface.mat
  artifactKey: Guid(e6b276ec991f467aa14ef1f3cc665993) Importer(815301076,1909f56bfc062723c751e8b465ee728b)
Start importing Assets/TextMesh Pro/Examples & Extras/Resources/Fonts & Materials/Roboto-Bold SDF - Surface.mat using Guid(e6b276ec991f467aa14ef1f3cc665993) Importer(815301076,1909f56bfc062723c751e8b465ee728b)  -> (artifact id: 'e4f6ac75dbbd1e310cbd2de375cb5e5b') in 0.082961 seconds
  Import took 0.084897 seconds .

========================================================================
Received Import Request.
  Time since last request: 0.000166 seconds.
  path: Assets/TextMesh Pro/Examples & Extras/Resources/Fonts & Materials/Roboto-Bold SDF - Drop Shadow.mat
  artifactKey: Guid(b246c4190f4e46ec9352fe15a7b09ce0) Importer(815301076,1909f56bfc062723c751e8b465ee728b)
Start importing Assets/TextMesh Pro/Examples & Extras/Resources/Fonts & Materials/Roboto-Bold SDF - Drop Shadow.mat using Guid(b246c4190f4e46ec9352fe15a7b09ce0) Importer(815301076,1909f56bfc062723c751e8b465ee728b)  -> (artifact id: 'c51e0591065f06da547215b5148021cc') in 0.051613 seconds
  Import took 0.053156 seconds .

========================================================================
Received Import Request.
  Time since last request: 3.770528 seconds.
  path: Assets/Materials/ColorOnlyMat/PlayerMat.mat
  artifactKey: Guid(8182bc59366794f9fb7939d4d4ac9b1f) Importer(815301076,1909f56bfc062723c751e8b465ee728b)
Start importing Assets/Materials/ColorOnlyMat/PlayerMat.mat using Guid(8182bc59366794f9fb7939d4d4ac9b1f) Importer(815301076,1909f56bfc062723c751e8b465ee728b)  -> (artifact id: '03df6091dfdd6e973a34dc25e3e95a93') in 0.022979 seconds
  Import took 0.024908 seconds .

========================================================================
Received Import Request.
  Time since last request: 0.000159 seconds.
  path: Assets/Materials/ColorOnlyMat/PickupItemMat.mat
  artifactKey: Guid(401107123b0834d3bb79641adef153aa) Importer(815301076,1909f56bfc062723c751e8b465ee728b)
Start importing Assets/Materials/ColorOnlyMat/PickupItemMat.mat using Guid(401107123b0834d3bb79641adef153aa) Importer(815301076,1909f56bfc062723c751e8b465ee728b)  -> (artifact id: '7f07f2ef10f40ee71888d48bf27a451d') in 0.009987 seconds
  Import took 0.011795 seconds .

========================================================================
Received Import Request.
  Time since last request: 0.025940 seconds.
  path: Assets/TextMesh Pro/Examples & Extras/Resources/Fonts & Materials/Oswald Bold SDF.asset
  artifactKey: Guid(0161d805a3764c089bef00bfe00793f5) Importer(815301076,1909f56bfc062723c751e8b465ee728b)
Start importing Assets/TextMesh Pro/Examples & Extras/Resources/Fonts & Materials/Oswald Bold SDF.asset using Guid(0161d805a3764c089bef00bfe00793f5) Importer(815301076,1909f56bfc062723c751e8b465ee728b)  -> (artifact id: 'c1bb14cf3d31dc8c3c98946b6b07148b') in 0.013663 seconds
  Import took 0.015612 seconds .

========================================================================
Received Import Request.
  Time since last request: 0.223479 seconds.
  path: Assets/TextMesh Pro/Resources/Fonts & Materials/LiberationSans SDF.asset
  artifactKey: Guid(8f586378b4e144a9851e7b34d9b748ee) Importer(815301076,1909f56bfc062723c751e8b465ee728b)
Start importing Assets/TextMesh Pro/Resources/Fonts & Materials/LiberationSans SDF.asset using Guid(8f586378b4e144a9851e7b34d9b748ee) Importer(815301076,1909f56bfc062723c751e8b465ee728b)  -> (artifact id: '6855aa9612ac6a718a7b4f03c5414308') in 0.032697 seconds
  Import took 0.035189 seconds .

========================================================================
Received Import Request.
  Time since last request: 0.000179 seconds.
  path: Assets/TextMesh Pro/Resources/Fonts & Materials/LiberationSans SDF - Fallback.asset
  artifactKey: Guid(2e498d1c8094910479dc3e1b768306a4) Importer(815301076,1909f56bfc062723c751e8b465ee728b)
Start importing Assets/TextMesh Pro/Resources/Fonts & Materials/LiberationSans SDF - Fallback.asset using Guid(2e498d1c8094910479dc3e1b768306a4) Importer(815301076,1909f56bfc062723c751e8b465ee728b)  -> (artifact id: '49657cf4bc43d529c9c2ff0e4a8c8c22') in 0.012086 seconds
  Import took 0.014393 seconds .

========================================================================
Received Import Request.
  Time since last request: 0.035818 seconds.
  path: Assets/TextMesh Pro/Examples & Extras/Resources/Fonts & Materials/LiberationSans SDF - Soft Mask.mat
  artifactKey: Guid(42df1c7856584b6b8db9a509b6b10074) Importer(815301076,1909f56bfc062723c751e8b465ee728b)
Start importing Assets/TextMesh Pro/Examples & Extras/Resources/Fonts & Materials/LiberationSans SDF - Soft Mask.mat using Guid(42df1c7856584b6b8db9a509b6b10074) Importer(815301076,1909f56bfc062723c751e8b465ee728b)  -> (artifact id: 'a10c17e42b480a9653e67fa2f1008316') in 0.033461 seconds
  Import took 0.035475 seconds .

========================================================================
Received Import Request.
  Time since last request: 0.313321 seconds.
  path: Assets/TextMesh Pro/Examples & Extras/Resources/Fonts & Materials/LiberationSans SDF - Overlay.mat
  artifactKey: Guid(9ad269c99dcf42b7aedefd83dd5a7b9d) Importer(815301076,1909f56bfc062723c751e8b465ee728b)
Start importing Assets/TextMesh Pro/Examples & Extras/Resources/Fonts & Materials/LiberationSans SDF - Overlay.mat using Guid(9ad269c99dcf42b7aedefd83dd5a7b9d) Importer(815301076,1909f56bfc062723c751e8b465ee728b)  -> (artifact id: '30de1b24f1947d9ede535ed5656892d9') in 0.028798 seconds
  Import took 0.030721 seconds .

========================================================================
Received Import Request.
  Time since last request: 0.000156 seconds.
  path: Assets/TextMesh Pro/Resources/Fonts & Materials/LiberationSans SDF - Outline.mat
  artifactKey: Guid(79459efec17a4d00a321bdcc27bbc385) Importer(815301076,1909f56bfc062723c751e8b465ee728b)
Start importing Assets/TextMesh Pro/Resources/Fonts & Materials/LiberationSans SDF - Outline.mat using Guid(79459efec17a4d00a321bdcc27bbc385) Importer(815301076,1909f56bfc062723c751e8b465ee728b)  -> (artifact id: 'bd9e6bb39492706ad6c83ad05a3ded2e') in 0.059830 seconds
  Import took 0.061496 seconds .

========================================================================
Received Import Request.
  Time since last request: 0.000151 seconds.
  path: Assets/TextMesh Pro/Resources/Fonts & Materials/LiberationSans SDF - Drop Shadow.mat
  artifactKey: Guid(e73a58f6e2794ae7b1b7e50b7fb811b0) Importer(815301076,1909f56bfc062723c751e8b465ee728b)
Start importing Assets/TextMesh Pro/Resources/Fonts & Materials/LiberationSans SDF - Drop Shadow.mat using Guid(e73a58f6e2794ae7b1b7e50b7fb811b0) Importer(815301076,1909f56bfc062723c751e8b465ee728b)  -> (artifact id: 'cc12370d87fc4540366a8610b4e63f1c') in 0.028268 seconds
  Import took 0.030086 seconds .

========================================================================
Received Import Request.
  Time since last request: 0.000184 seconds.
  path: Assets/TextMesh Pro/Examples & Extras/Materials/Ground - Surface Shader Scene.mat
  artifactKey: Guid(aadd5a709a48466c887296bb5b1b8110) Importer(815301076,1909f56bfc062723c751e8b465ee728b)
Start importing Assets/TextMesh Pro/Examples & Extras/Materials/Ground - Surface Shader Scene.mat using Guid(aadd5a709a48466c887296bb5b1b8110) Importer(815301076,1909f56bfc062723c751e8b465ee728b)  -> (artifact id: '0d1e89854e1b4af89ba9794963d257fd') in 0.097853 seconds
  Import took 0.100080 seconds .

========================================================================
Received Import Request.
  Time since last request: 0.000195 seconds.
  path: Assets/TextMesh Pro/Examples & Extras/Materials/Ground - Logo Scene.mat
  artifactKey: Guid(c719e38f25a9480abd2480ab621a2949) Importer(815301076,1909f56bfc062723c751e8b465ee728b)
Start importing Assets/TextMesh Pro/Examples & Extras/Materials/Ground - Logo Scene.mat using Guid(c719e38f25a9480abd2480ab621a2949) Importer(815301076,1909f56bfc062723c751e8b465ee728b)  -> (artifact id: '0ffd79ffd8ab8b048acd726afb974984') in 0.093914 seconds
  Import took 0.095719 seconds .

========================================================================
Received Import Request.
  Time since last request: 0.000171 seconds.
  path: Assets/TextMesh Pro/Examples & Extras/Resources/Fonts & Materials/LiberationSans SDF - Metalic Green.mat
  artifactKey: Guid(8b29aaa3eec7468097ff07adfcf29ac9) Importer(815301076,1909f56bfc062723c751e8b465ee728b)
Start importing Assets/TextMesh Pro/Examples & Extras/Resources/Fonts & Materials/LiberationSans SDF - Metalic Green.mat using Guid(8b29aaa3eec7468097ff07adfcf29ac9) Importer(815301076,1909f56bfc062723c751e8b465ee728b)  -> (artifact id: '689044fec38081f2ad8f050852ccc5e6') in 0.114207 seconds
  Import took 0.116129 seconds .

========================================================================
Received Import Request.
  Time since last request: 0.271406 seconds.
  path: Assets/TextMesh Pro/Examples & Extras/Fonts/Anton.ttf
  artifactKey: Guid(997a43b767814dd0a7642ec9b78cba41) Importer(815301076,1909f56bfc062723c751e8b465ee728b)
Start importing Assets/TextMesh Pro/Examples & Extras/Fonts/Anton.ttf using Guid(997a43b767814dd0a7642ec9b78cba41) Importer(815301076,1909f56bfc062723c751e8b465ee728b)  -> (artifact id: '0931a0cb0f0bfe859817f9d4d6354b07') in 0.033014 seconds
  Import took 0.034918 seconds .

========================================================================
Received Import Request.
  Time since last request: 0.000153 seconds.
  path: Assets/TextMesh Pro/Fonts/LiberationSans.ttf
  artifactKey: Guid(e3265ab4bf004d28a9537516768c1c75) Importer(815301076,1909f56bfc062723c751e8b465ee728b)
Start importing Assets/TextMesh Pro/Fonts/LiberationSans.ttf using Guid(e3265ab4bf004d28a9537516768c1c75) Importer(815301076,1909f56bfc062723c751e8b465ee728b)  -> (artifact id: '2760cdf62bdff77309e67ead321be73e') in 0.013511 seconds
  Import took 0.015559 seconds .

========================================================================
Received Import Request.
  Time since last request: 0.036396 seconds.
  path: Assets/TextMesh Pro/Examples & Extras/Fonts/Bangers.ttf
  artifactKey: Guid(5dd49b3eacc540408c98eee0de38e0f1) Importer(815301076,1909f56bfc062723c751e8b465ee728b)
Start importing Assets/TextMesh Pro/Examples & Extras/Fonts/Bangers.ttf using Guid(5dd49b3eacc540408c98eee0de38e0f1) Importer(815301076,1909f56bfc062723c751e8b465ee728b)  -> (artifact id: '0e06f889931d4c6052ac231f3fe96676') in 0.018638 seconds
  Import took 0.020724 seconds .

========================================================================
Received Import Request.
  Time since last request: 0.067737 seconds.
  path: Assets/TextMesh Pro/Examples & Extras/Fonts/Electronic Highway Sign.TTF
  artifactKey: Guid(8a2b9e2a607dd2143b58c44bc32410b4) Importer(815301076,1909f56bfc062723c751e8b465ee728b)
Start importing Assets/TextMesh Pro/Examples & Extras/Fonts/Electronic Highway Sign.TTF using Guid(8a2b9e2a607dd2143b58c44bc32410b4) Importer(815301076,1909f56bfc062723c751e8b465ee728b)  -> (artifact id: 'c71f8bf76a4a213901915a57d7d722c9') in 0.016789 seconds
  Import took 0.018720 seconds .

========================================================================
Received Import Request.
  Time since last request: 3.624634 seconds.
  path: Assets/TextMesh Pro/Examples & Extras/Fonts/Oswald-Bold.ttf
  artifactKey: Guid(c9f6d0e7bc8541498c9a4799ba184ede) Importer(815301076,1909f56bfc062723c751e8b465ee728b)
Start importing Assets/TextMesh Pro/Examples & Extras/Fonts/Oswald-Bold.ttf using Guid(c9f6d0e7bc8541498c9a4799ba184ede) Importer(815301076,1909f56bfc062723c751e8b465ee728b)  -> (artifact id: 'baf8c346892134ba9f90ddfc66d36297') in 0.010904 seconds
  Import took 0.012854 seconds .

========================================================================
Received Import Request.
  Time since last request: 0.030299 seconds.
  path: Assets/TextMesh Pro/Examples & Extras/Fonts/Roboto-Bold.ttf
  artifactKey: Guid(4beb055f07aaff244873dec698d0363e) Importer(815301076,1909f56bfc062723c751e8b465ee728b)
Start importing Assets/TextMesh Pro/Examples & Extras/Fonts/Roboto-Bold.ttf using Guid(4beb055f07aaff244873dec698d0363e) Importer(815301076,1909f56bfc062723c751e8b465ee728b)  -> (artifact id: 'dfb18e25327d09b67cf0bf032cd57d75') in 0.011606 seconds
  Import took 0.013769 seconds .

========================================================================
Received Import Request.
  Time since last request: 0.034853 seconds.
  path: Assets/Materials/ColorOnlyMat/FloorMat.mat
  artifactKey: Guid(84425e5e3438e4c56ba6ed8d91966463) Importer(815301076,1909f56bfc062723c751e8b465ee728b)
Start importing Assets/Materials/ColorOnlyMat/FloorMat.mat using Guid(84425e5e3438e4c56ba6ed8d91966463) Importer(815301076,1909f56bfc062723c751e8b465ee728b)  -> (artifact id: 'b1f126bf86ad336e81f0fe0616f7859c') in 0.014226 seconds
  Import took 0.016043 seconds .

========================================================================
Received Import Request.
  Time since last request: 0.352740 seconds.
  path: Assets/TextMesh Pro/Examples & Extras/Resources/Fonts & Materials/Electronic Highway Sign SDF.asset
  artifactKey: Guid(dc36b3fdc14f47ebb36fd484a67e268a) Importer(815301076,1909f56bfc062723c751e8b465ee728b)
Start importing Assets/TextMesh Pro/Examples & Extras/Resources/Fonts & Materials/Electronic Highway Sign SDF.asset using Guid(dc36b3fdc14f47ebb36fd484a67e268a) Importer(815301076,1909f56bfc062723c751e8b465ee728b)  -> (artifact id: 'afe8c42bdea8f087d9898b67de47e57f') in 0.013150 seconds
  Import took 0.015153 seconds .

========================================================================
Received Import Request.
  Time since last request: 0.000218 seconds.
  path: Assets/TextMesh Pro/Examples & Extras/Resources/Fonts & Materials/Electronic Highway Sign SDF.asset
  artifactKey: Guid(dc36b3fdc14f47ebb36fd484a67e268a) Importer(815301076,1909f56bfc062723c751e8b465ee728b)
Start importing Assets/TextMesh Pro/Examples & Extras/Resources/Fonts & Materials/Electronic Highway Sign SDF.asset using Guid(dc36b3fdc14f47ebb36fd484a67e268a) Importer(815301076,1909f56bfc062723c751e8b465ee728b)  -> (artifact id: 'afe8c42bdea8f087d9898b67de47e57f') in 0.007853 seconds
  Import took 0.009631 seconds .

========================================================================
Received Import Request.
  Time since last request: 0.036358 seconds.
  path: Assets/TextMesh Pro/Examples & Extras/Materials/Crate - Surface Shader Scene.mat
  artifactKey: Guid(e6b9b44320f4448d9d5e0ee634259966) Importer(815301076,1909f56bfc062723c751e8b465ee728b)
Start importing Assets/TextMesh Pro/Examples & Extras/Materials/Crate - Surface Shader Scene.mat using Guid(e6b9b44320f4448d9d5e0ee634259966) Importer(815301076,1909f56bfc062723c751e8b465ee728b)  -> (artifact id: '53c87776ed5f26a281d83cd3f431a5a2') in 0.134682 seconds
  Import took 0.136719 seconds .

========================================================================
Received Import Request.
  Time since last request: 0.677207 seconds.
  path: Assets/TextMesh Pro/Examples & Extras/Resources/Fonts & Materials/Bangers SDF.asset
  artifactKey: Guid(125cb55b44b24c4393181402bc6200e6) Importer(815301076,1909f56bfc062723c751e8b465ee728b)
Start importing Assets/TextMesh Pro/Examples & Extras/Resources/Fonts & Materials/Bangers SDF.asset using Guid(125cb55b44b24c4393181402bc6200e6) Importer(815301076,1909f56bfc062723c751e8b465ee728b)  -> (artifact id: '32e353eb537d577ff58764ce659a70f1') in 0.014282 seconds
  Import took 0.016318 seconds .

========================================================================
Received Import Request.
  Time since last request: 0.001681 seconds.
  path: Assets/TextMesh Pro/Examples & Extras/Resources/Fonts & Materials/Bangers SDF.asset
  artifactKey: Guid(125cb55b44b24c4393181402bc6200e6) Importer(815301076,1909f56bfc062723c751e8b465ee728b)
Start importing Assets/TextMesh Pro/Examples & Extras/Resources/Fonts & Materials/Bangers SDF.asset using Guid(125cb55b44b24c4393181402bc6200e6) Importer(815301076,1909f56bfc062723c751e8b465ee728b)  -> (artifact id: '32e353eb537d577ff58764ce659a70f1') in 0.008618 seconds
  Import took 0.010505 seconds .

========================================================================
Received Import Request.
  Time since last request: 0.409867 seconds.
  path: Assets/TextMesh Pro/Examples & Extras/Resources/Fonts & Materials/Bangers SDF Logo.mat
  artifactKey: Guid(f4e195ac1e204eff960149d1cb34e18c) Importer(815301076,1909f56bfc062723c751e8b465ee728b)
Start importing Assets/TextMesh Pro/Examples & Extras/Resources/Fonts & Materials/Bangers SDF Logo.mat using Guid(f4e195ac1e204eff960149d1cb34e18c) Importer(815301076,1909f56bfc062723c751e8b465ee728b)  -> (artifact id: '9803f91cf1fa11409728b4a29bdf8c3c') in 0.201257 seconds
  Import took 0.203233 seconds .

========================================================================
Received Import Request.
  Time since last request: 0.000167 seconds.
  path: Assets/TextMesh Pro/Examples & Extras/Resources/Fonts & Materials/Bangers SDF - Outline.mat
  artifactKey: Guid(f629c6e43dba4bf38cb74d8860150664) Importer(815301076,1909f56bfc062723c751e8b465ee728b)
Start importing Assets/TextMesh Pro/Examples & Extras/Resources/Fonts & Materials/Bangers SDF - Outline.mat using Guid(f629c6e43dba4bf38cb74d8860150664) Importer(815301076,1909f56bfc062723c751e8b465ee728b)  -> (artifact id: 'b78c70259726520478fcd49f36437b7b') in 0.015704 seconds
  Import took 0.017415 seconds .

========================================================================
Received Import Request.
  Time since last request: 0.000153 seconds.
  path: Assets/TextMesh Pro/Examples & Extras/Resources/Fonts & Materials/Bangers SDF Glow.mat
  artifactKey: Guid(d75b8f41e959450c84ac6e967084d3e1) Importer(815301076,1909f56bfc062723c751e8b465ee728b)
Start importing Assets/TextMesh Pro/Examples & Extras/Resources/Fonts & Materials/Bangers SDF Glow.mat using Guid(d75b8f41e959450c84ac6e967084d3e1) Importer(815301076,1909f56bfc062723c751e8b465ee728b)  -> (artifact id: 'f2a34a8b121ac13ee857eee03a0d0c2f') in 0.069341 seconds
  Import took 0.071072 seconds .

========================================================================
Received Import Request.
  Time since last request: 0.317541 seconds.
  path: Assets/TextMesh Pro/Examples & Extras/Resources/Fonts & Materials/Bangers SDF - Drop Shadow.mat
  artifactKey: Guid(f2dcf029949142e28b974630369c8b4e) Importer(815301076,1909f56bfc062723c751e8b465ee728b)
Start importing Assets/TextMesh Pro/Examples & Extras/Resources/Fonts & Materials/Bangers SDF - Drop Shadow.mat using Guid(f2dcf029949142e28b974630369c8b4e) Importer(815301076,1909f56bfc062723c751e8b465ee728b)  -> (artifact id: 'dfa076fa5da4e8e419fd8a481dbc38d1') in 0.022309 seconds
  Import took 0.024235 seconds .

========================================================================
Received Import Request.
  Time since last request: 0.006612 seconds.
  path: Assets/TextMesh Pro/Examples & Extras/Resources/Fonts & Materials/Anton SDF.asset
  artifactKey: Guid(8a89fa14b10d46a99122fd4f73fca9a2) Importer(815301076,1909f56bfc062723c751e8b465ee728b)
Start importing Assets/TextMesh Pro/Examples & Extras/Resources/Fonts & Materials/Anton SDF.asset using Guid(8a89fa14b10d46a99122fd4f73fca9a2) Importer(815301076,1909f56bfc062723c751e8b465ee728b)  -> (artifact id: '581e9e0d4b468485ef2f5fce73f08199') in 0.011161 seconds
  Import took 0.013260 seconds .

========================================================================
Received Import Request.
  Time since last request: 0.040470 seconds.
  path: Assets/TextMesh Pro/Examples & Extras/Resources/Fonts & Materials/Anton SDF - Sunny Days.mat
  artifactKey: Guid(6522f30e342599e4e9dd4cc2cc03c830) Importer(815301076,1909f56bfc062723c751e8b465ee728b)
Start importing Assets/TextMesh Pro/Examples & Extras/Resources/Fonts & Materials/Anton SDF - Sunny Days.mat using Guid(6522f30e342599e4e9dd4cc2cc03c830) Importer(815301076,1909f56bfc062723c751e8b465ee728b)  -> (artifact id: 'f8abd65866d80df356d273735805d6ad') in 0.086105 seconds
  Import took 0.087985 seconds .

========================================================================
Received Import Request.
  Time since last request: 0.346913 seconds.
  path: Assets/TextMesh Pro/Examples & Extras/Resources/Fonts & Materials/Anton SDF - Outline.mat
  artifactKey: Guid(a00013af81304728b2be1f4309ee2433) Importer(815301076,1909f56bfc062723c751e8b465ee728b)
Start importing Assets/TextMesh Pro/Examples & Extras/Resources/Fonts & Materials/Anton SDF - Outline.mat using Guid(a00013af81304728b2be1f4309ee2433) Importer(815301076,1909f56bfc062723c751e8b465ee728b)  -> (artifact id: 'f333808465942a4867abf6b9f2c0b628') in 0.015134 seconds
  Import took 0.017079 seconds .

========================================================================
Received Import Request.
  Time since last request: 0.031137 seconds.
  path: Assets/TextMesh Pro/Examples & Extras/Resources/Fonts & Materials/Anton SDF - Drop Shadow.mat
  artifactKey: Guid(749b9069dc4742c5bfa5c74644049926) Importer(815301076,1909f56bfc062723c751e8b465ee728b)
Start importing Assets/TextMesh Pro/Examples & Extras/Resources/Fonts & Materials/Anton SDF - Drop Shadow.mat using Guid(749b9069dc4742c5bfa5c74644049926) Importer(815301076,1909f56bfc062723c751e8b465ee728b)  -> (artifact id: 'a04534ccf7098627dace21d4b811eaa2') in 0.014646 seconds
  Import took 0.016545 seconds .

========================================================================
Received Import Request.
  Time since last request: 68.559545 seconds.
  path: Assets/Prefab/Box Obsticle.prefab
  artifactKey: Guid(275048baef041ce418daab2fa939cfba) Importer(815301076,1909f56bfc062723c751e8b465ee728b)
Start importing Assets/Prefab/Box Obsticle.prefab using Guid(275048baef041ce418daab2fa939cfba) Importer(815301076,1909f56bfc062723c751e8b465ee728b)  -> (artifact id: '0d86c28187d15ec056fa930e40be3bf9') in 0.011597 seconds
  Import took 0.013653 seconds .

========================================================================
Received Prepare
Registering precompiled user dll's ...
Registered in 0.000803 seconds.
Begin MonoManager ReloadAssembly
Native extension for WindowsStandalone target not found
Refreshing native plugins compatible for Editor in 0.23 ms, found 0 plugins.
Preloading 0 native plugins for Editor in 0.00 ms.
Invoked RoslynAnalysisRunner static constructor.
RoslynAnalysisRunner will not be running.
RoslynAnalysisRunner has terminated.
Mono: successfully reloaded assembly
- Completed reload, in  0.546 seconds
Platform modules already initialized, skipping
Refreshing native plugins compatible for Editor in 0.22 ms, found 0 plugins.
Preloading 0 native plugins for Editor in 0.00 ms.
Unloading 1149 Unused Serialized files (Serialized files now loaded: 0)
System memory in use before: 63.5 MB.
System memory in use after: 63.6 MB.

Unloading 6 unused Assets to reduce memory usage. Loaded Objects now: 1665.
Total: 1.453400 ms (FindLiveObjects: 0.167000 ms CreateObjectMapping: 0.028200 ms MarkObjects: 1.206100 ms  DeleteObjects: 0.051000 ms)

========================================================================
Received Prepare
Registering precompiled user dll's ...
Registered in 0.000642 seconds.
Begin MonoManager ReloadAssembly
Native extension for WindowsStandalone target not found
Refreshing native plugins compatible for Editor in 0.23 ms, found 0 plugins.
Preloading 0 native plugins for Editor in 0.00 ms.
Invoked RoslynAnalysisRunner static constructor.
RoslynAnalysisRunner will not be running.
RoslynAnalysisRunner has terminated.
Mono: successfully reloaded assembly
- Completed reload, in  0.526 seconds
Platform modules already initialized, skipping
Refreshing native plugins compatible for Editor in 0.22 ms, found 0 plugins.
Preloading 0 native plugins for Editor in 0.00 ms.
Unloading 1149 Unused Serialized files (Serialized files now loaded: 0)
System memory in use before: 63.5 MB.
System memory in use after: 63.6 MB.

Unloading 5 unused Assets to reduce memory usage. Loaded Objects now: 1668.
Total: 1.464100 ms (FindLiveObjects: 0.149700 ms CreateObjectMapping: 0.028300 ms MarkObjects: 1.232800 ms  DeleteObjects: 0.052500 ms)

========================================================================
Received Import Request.
  Time since last request: 910.973921 seconds.
  path: Assets/Prefab/Box Obsticle.prefab
  artifactKey: Guid(275048baef041ce418daab2fa939cfba) Importer(815301076,1909f56bfc062723c751e8b465ee728b)
Start importing Assets/Prefab/Box Obsticle.prefab using Guid(275048baef041ce418daab2fa939cfba) Importer(815301076,1909f56bfc062723c751e8b465ee728b)  -> (artifact id: '8378837ed53c78bd3aee7638c9abe28b') in 0.043795 seconds
  Import took 0.045900 seconds .

========================================================================
Received Import Request.
  Time since last request: 56.203648 seconds.
  path: Assets/Prefab/Box Obsticle.prefab
  artifactKey: Guid(275048baef041ce418daab2fa939cfba) Importer(815301076,1909f56bfc062723c751e8b465ee728b)
Start importing Assets/Prefab/Box Obsticle.prefab using Guid(275048baef041ce418daab2fa939cfba) Importer(815301076,1909f56bfc062723c751e8b465ee728b)  -> (artifact id: 'eb452adb97e4a6bc750a636c9dbdab91') in 0.013415 seconds
  Import took 0.015528 seconds .

========================================================================
Received Import Request.
  Time since last request: 51.925526 seconds.
  path: Assets/Prefab/Box Obsticle.prefab
  artifactKey: Guid(275048baef041ce418daab2fa939cfba) Importer(815301076,1909f56bfc062723c751e8b465ee728b)
Start importing Assets/Prefab/Box Obsticle.prefab using Guid(275048baef041ce418daab2fa939cfba) Importer(815301076,1909f56bfc062723c751e8b465ee728b)  -> (artifact id: 'd07ab90be5bab713d20eb0ac93ee5bfd') in 0.011992 seconds
  Import took 0.014535 seconds .

========================================================================
Received Prepare
Registering precompiled user dll's ...
Registered in 0.000750 seconds.
Begin MonoManager ReloadAssembly
Native extension for WindowsStandalone target not found
Refreshing native plugins compatible for Editor in 0.23 ms, found 0 plugins.
Preloading 0 native plugins for Editor in 0.00 ms.
Invoked RoslynAnalysisRunner static constructor.
RoslynAnalysisRunner will not be running.
RoslynAnalysisRunner has terminated.
Mono: successfully reloaded assembly
- Completed reload, in  0.532 seconds
Platform modules already initialized, skipping
Refreshing native plugins compatible for Editor in 0.22 ms, found 0 plugins.
Preloading 0 native plugins for Editor in 0.00 ms.
Unloading 1149 Unused Serialized files (Serialized files now loaded: 0)
System memory in use before: 63.5 MB.
System memory in use after: 63.6 MB.

Unloading 5 unused Assets to reduce memory usage. Loaded Objects now: 1672.
Total: 1.513600 ms (FindLiveObjects: 0.136200 ms CreateObjectMapping: 0.028600 ms MarkObjects: 1.297000 ms  DeleteObjects: 0.050900 ms)

========================================================================
Received Import Request.
  Time since last request: 77.194377 seconds.
  path: Assets/Prefab/First Person Character.prefab
  artifactKey: Guid(784194921d7f9443e87a339e74eaa53c) Importer(815301076,1909f56bfc062723c751e8b465ee728b)
Start importing Assets/Prefab/First Person Character.prefab using Guid(784194921d7f9443e87a339e74eaa53c) Importer(815301076,1909f56bfc062723c751e8b465ee728b)  -> (artifact id: '50bd0434bc458feacd36e1c91a55da76') in 0.043960 seconds
  Import took 0.046295 seconds .

========================================================================
Received Prepare
Registering precompiled user dll's ...
Registered in 0.000703 seconds.
Begin MonoManager ReloadAssembly
Native extension for WindowsStandalone target not found
Refreshing native plugins compatible for Editor in 0.23 ms, found 0 plugins.
Preloading 0 native plugins for Editor in 0.00 ms.
Invoked RoslynAnalysisRunner static constructor.
RoslynAnalysisRunner will not be running.
RoslynAnalysisRunner has terminated.
Mono: successfully reloaded assembly
- Completed reload, in  0.548 seconds
Platform modules already initialized, skipping
Refreshing native plugins compatible for Editor in 0.22 ms, found 0 plugins.
Preloading 0 native plugins for Editor in 0.00 ms.
Unloading 1149 Unused Serialized files (Serialized files now loaded: 0)
System memory in use before: 63.6 MB.
System memory in use after: 63.7 MB.

Unloading 6 unused Assets to reduce memory usage. Loaded Objects now: 1677.
Total: 1.580800 ms (FindLiveObjects: 0.147700 ms CreateObjectMapping: 0.027900 ms MarkObjects: 1.344200 ms  DeleteObjects: 0.060000 ms)

========================================================================
Received Import Request.
  Time since last request: 74.032008 seconds.
  path: Assets/Prefab/First Person Character.prefab
  artifactKey: Guid(784194921d7f9443e87a339e74eaa53c) Importer(815301076,1909f56bfc062723c751e8b465ee728b)
Start importing Assets/Prefab/First Person Character.prefab using Guid(784194921d7f9443e87a339e74eaa53c) Importer(815301076,1909f56bfc062723c751e8b465ee728b)  -> (artifact id: 'baed8c22c8397670105d72239f6eb5a2') in 0.040599 seconds
  Import took 0.042420 seconds .

========================================================================
Received Import Request.
  Time since last request: 1.235967 seconds.
  path: Assets/Prefab/First Person Character.prefab
  artifactKey: Guid(784194921d7f9443e87a339e74eaa53c) Importer(815301076,1909f56bfc062723c751e8b465ee728b)
Start importing Assets/Prefab/First Person Character.prefab using Guid(784194921d7f9443e87a339e74eaa53c) Importer(815301076,1909f56bfc062723c751e8b465ee728b)  -> (artifact id: 'baed8c22c8397670105d72239f6eb5a2') in 0.008422 seconds
  Import took 0.010316 seconds .

========================================================================
Received Import Request.
  Time since last request: 71.057524 seconds.
  path: Assets/Scripts/First Person Control
  artifactKey: Guid(2c7f53c335df04054be8560e0452ef48) Importer(815301076,1909f56bfc062723c751e8b465ee728b)
Start importing Assets/Scripts/First Person Control using Guid(2c7f53c335df04054be8560e0452ef48) Importer(815301076,1909f56bfc062723c751e8b465ee728b)  -> (artifact id: '9c712af973515dc6d3243e8ef51c216d') in 0.002303 seconds
  Import took 0.004151 seconds .

========================================================================
Received Import Request.
  Time since last request: 1.348203 seconds.
  path: Assets/Scripts/First Person Control/Jump.cs
  artifactKey: Guid(0ba201c2ced9d49488e36e0cb4e6500d) Importer(815301076,1909f56bfc062723c751e8b465ee728b)
Start importing Assets/Scripts/First Person Control/Jump.cs using Guid(0ba201c2ced9d49488e36e0cb4e6500d) Importer(815301076,1909f56bfc062723c751e8b465ee728b)  -> (artifact id: 'f817da150eca3e487269e668f06aaf66') in 0.023913 seconds
  Import took 0.025816 seconds .

========================================================================
Received Prepare
Registering precompiled user dll's ...
Registered in 0.000624 seconds.
Begin MonoManager ReloadAssembly
Native extension for WindowsStandalone target not found
Refreshing native plugins compatible for Editor in 0.23 ms, found 0 plugins.
Preloading 0 native plugins for Editor in 0.00 ms.
Invoked RoslynAnalysisRunner static constructor.
RoslynAnalysisRunner will not be running.
RoslynAnalysisRunner has terminated.
Mono: successfully reloaded assembly
- Completed reload, in  0.520 seconds
Platform modules already initialized, skipping
Refreshing native plugins compatible for Editor in 0.22 ms, found 0 plugins.
Preloading 0 native plugins for Editor in 0.00 ms.
Unloading 1149 Unused Serialized files (Serialized files now loaded: 0)
System memory in use before: 63.6 MB.
System memory in use after: 63.7 MB.

Unloading 6 unused Assets to reduce memory usage. Loaded Objects now: 1681.
Total: 1.541300 ms (FindLiveObjects: 0.252100 ms CreateObjectMapping: 0.028000 ms MarkObjects: 1.208400 ms  DeleteObjects: 0.052100 ms)

========================================================================
Received Import Request.
  Time since last request: 48.494050 seconds.
  path: Assets/Prefab/First Person Character.prefab
  artifactKey: Guid(784194921d7f9443e87a339e74eaa53c) Importer(815301076,1909f56bfc062723c751e8b465ee728b)
Start importing Assets/Prefab/First Person Character.prefab using Guid(784194921d7f9443e87a339e74eaa53c) Importer(815301076,1909f56bfc062723c751e8b465ee728b)  -> (artifact id: 'a2997758fc88e6803c9f706503d4c4a1') in 0.042014 seconds
  Import took 0.043941 seconds .

========================================================================
Received Prepare
Registering precompiled user dll's ...
Registered in 0.000619 seconds.
Begin MonoManager ReloadAssembly
Native extension for WindowsStandalone target not found
Refreshing native plugins compatible for Editor in 0.23 ms, found 0 plugins.
Preloading 0 native plugins for Editor in 0.00 ms.
Invoked RoslynAnalysisRunner static constructor.
RoslynAnalysisRunner will not be running.
RoslynAnalysisRunner has terminated.
Mono: successfully reloaded assembly
- Completed reload, in  0.560 seconds
Platform modules already initialized, skipping
Refreshing native plugins compatible for Editor in 0.23 ms, found 0 plugins.
Preloading 0 native plugins for Editor in 0.00 ms.
Unloading 1149 Unused Serialized files (Serialized files now loaded: 0)
System memory in use before: 63.6 MB.
System memory in use after: 63.7 MB.

Unloading 6 unused Assets to reduce memory usage. Loaded Objects now: 1685.
Total: 1.515400 ms (FindLiveObjects: 0.172300 ms CreateObjectMapping: 0.030400 ms MarkObjects: 1.256200 ms  DeleteObjects: 0.055600 ms)

========================================================================
Received Import Request.
  Time since last request: 37.433813 seconds.
  path: Assets/Prefab/First Person Character.prefab
  artifactKey: Guid(784194921d7f9443e87a339e74eaa53c) Importer(815301076,1909f56bfc062723c751e8b465ee728b)
Start importing Assets/Prefab/First Person Character.prefab using Guid(784194921d7f9443e87a339e74eaa53c) Importer(815301076,1909f56bfc062723c751e8b465ee728b)  -> (artifact id: '644c4f951b86db113a8362e992d10613') in 0.040091 seconds
  Import took 0.041959 seconds .

========================================================================
Received Prepare
Registering precompiled user dll's ...
Registered in 0.000580 seconds.
Begin MonoManager ReloadAssembly
Native extension for WindowsStandalone target not found
Refreshing native plugins compatible for Editor in 0.23 ms, found 0 plugins.
Preloading 0 native plugins for Editor in 0.00 ms.
Invoked RoslynAnalysisRunner static constructor.
RoslynAnalysisRunner will not be running.
RoslynAnalysisRunner has terminated.
Mono: successfully reloaded assembly
- Completed reload, in  0.526 seconds
Platform modules already initialized, skipping
Refreshing native plugins compatible for Editor in 0.22 ms, found 0 plugins.
Preloading 0 native plugins for Editor in 0.00 ms.
Unloading 1149 Unused Serialized files (Serialized files now loaded: 0)
System memory in use before: 63.7 MB.
System memory in use after: 63.7 MB.

Unloading 6 unused Assets to reduce memory usage. Loaded Objects now: 1689.
Total: 1.569000 ms (FindLiveObjects: 0.146300 ms CreateObjectMapping: 0.028400 ms MarkObjects: 1.324500 ms  DeleteObjects: 0.068300 ms)

========================================================================
Received Import Request.
  Time since last request: 33.698740 seconds.
  path: Assets/Prefab/First Person Character.prefab
  artifactKey: Guid(784194921d7f9443e87a339e74eaa53c) Importer(815301076,1909f56bfc062723c751e8b465ee728b)
Start importing Assets/Prefab/First Person Character.prefab using Guid(784194921d7f9443e87a339e74eaa53c) Importer(815301076,1909f56bfc062723c751e8b465ee728b)  -> (artifact id: 'cb1867364266df89f3dd8efdb127a1d3') in 0.040410 seconds
  Import took 0.042312 seconds .

========================================================================
Received Import Request.
  Time since last request: 1.028634 seconds.
  path: Assets/Prefab/First Person Character.prefab
  artifactKey: Guid(784194921d7f9443e87a339e74eaa53c) Importer(815301076,1909f56bfc062723c751e8b465ee728b)
Start importing Assets/Prefab/First Person Character.prefab using Guid(784194921d7f9443e87a339e74eaa53c) Importer(815301076,1909f56bfc062723c751e8b465ee728b)  -> (artifact id: 'cb1867364266df89f3dd8efdb127a1d3') in 0.006668 seconds
  Import took 0.008619 seconds .

========================================================================
Received Prepare
Registering precompiled user dll's ...
Registered in 0.000667 seconds.
Begin MonoManager ReloadAssembly
Native extension for WindowsStandalone target not found
Refreshing native plugins compatible for Editor in 0.23 ms, found 0 plugins.
Preloading 0 native plugins for Editor in 0.00 ms.
Invoked RoslynAnalysisRunner static constructor.
RoslynAnalysisRunner will not be running.
RoslynAnalysisRunner has terminated.
Mono: successfully reloaded assembly
- Completed reload, in  0.527 seconds
Platform modules already initialized, skipping
Refreshing native plugins compatible for Editor in 0.23 ms, found 0 plugins.
Preloading 0 native plugins for Editor in 0.00 ms.
Unloading 1149 Unused Serialized files (Serialized files now loaded: 0)
System memory in use before: 63.7 MB.
System memory in use after: 63.7 MB.

Unloading 6 unused Assets to reduce memory usage. Loaded Objects now: 1693.
Total: 1.493000 ms (FindLiveObjects: 0.174000 ms CreateObjectMapping: 0.024800 ms MarkObjects: 1.238400 ms  DeleteObjects: 0.054900 ms)

========================================================================
Received Prepare
Registering precompiled user dll's ...
Registered in 0.000645 seconds.
Begin MonoManager ReloadAssembly
Native extension for WindowsStandalone target not found
Refreshing native plugins compatible for Editor in 0.23 ms, found 0 plugins.
Preloading 0 native plugins for Editor in 0.00 ms.
Invoked RoslynAnalysisRunner static constructor.
RoslynAnalysisRunner will not be running.
RoslynAnalysisRunner has terminated.
Mono: successfully reloaded assembly
- Completed reload, in  0.547 seconds
Platform modules already initialized, skipping
Refreshing native plugins compatible for Editor in 0.23 ms, found 0 plugins.
Preloading 0 native plugins for Editor in 0.00 ms.
Unloading 1149 Unused Serialized files (Serialized files now loaded: 0)
System memory in use before: 63.7 MB.
System memory in use after: 63.7 MB.

Unloading 5 unused Assets to reduce memory usage. Loaded Objects now: 1696.
Total: 1.477000 ms (FindLiveObjects: 0.130500 ms CreateObjectMapping: 0.028200 ms MarkObjects: 1.269000 ms  DeleteObjects: 0.048500 ms)

========================================================================
Received Import Request.
  Time since last request: 59.433879 seconds.
  path: Assets/Prefab/First Person Character.prefab
  artifactKey: Guid(784194921d7f9443e87a339e74eaa53c) Importer(815301076,1909f56bfc062723c751e8b465ee728b)
Start importing Assets/Prefab/First Person Character.prefab using Guid(784194921d7f9443e87a339e74eaa53c) Importer(815301076,1909f56bfc062723c751e8b465ee728b)  -> (artifact id: '17ba7d546d7d7a03278516e665b8a2b1') in 0.042398 seconds
  Import took 0.044305 seconds .

========================================================================
Received Prepare
Registering precompiled user dll's ...
Registered in 0.000674 seconds.
Begin MonoManager ReloadAssembly
Native extension for WindowsStandalone target not found
Refreshing native plugins compatible for Editor in 0.23 ms, found 0 plugins.
Preloading 0 native plugins for Editor in 0.00 ms.
Invoked RoslynAnalysisRunner static constructor.
RoslynAnalysisRunner will not be running.
RoslynAnalysisRunner has terminated.
Mono: successfully reloaded assembly
- Completed reload, in  0.538 seconds
Platform modules already initialized, skipping
Refreshing native plugins compatible for Editor in 0.22 ms, found 0 plugins.
Preloading 0 native plugins for Editor in 0.00 ms.
Unloading 1149 Unused Serialized files (Serialized files now loaded: 0)
System memory in use before: 63.7 MB.
System memory in use after: 63.8 MB.

Unloading 6 unused Assets to reduce memory usage. Loaded Objects now: 1700.
Total: 1.453600 ms (FindLiveObjects: 0.150400 ms CreateObjectMapping: 0.029600 ms MarkObjects: 1.219200 ms  DeleteObjects: 0.053600 ms)

========================================================================
Received Prepare
Registering precompiled user dll's ...
Registered in 0.000646 seconds.
Begin MonoManager ReloadAssembly
Native extension for WindowsStandalone target not found
Refreshing native plugins compatible for Editor in 0.23 ms, found 0 plugins.
Preloading 0 native plugins for Editor in 0.00 ms.
Invoked RoslynAnalysisRunner static constructor.
RoslynAnalysisRunner will not be running.
RoslynAnalysisRunner has terminated.
Mono: successfully reloaded assembly
- Completed reload, in  0.540 seconds
Platform modules already initialized, skipping
Refreshing native plugins compatible for Editor in 0.23 ms, found 0 plugins.
Preloading 0 native plugins for Editor in 0.00 ms.
Unloading 1149 Unused Serialized files (Serialized files now loaded: 0)
System memory in use before: 63.7 MB.
System memory in use after: 63.8 MB.

Unloading 5 unused Assets to reduce memory usage. Loaded Objects now: 1703.
Total: 1.560300 ms (FindLiveObjects: 0.148800 ms CreateObjectMapping: 0.029500 ms MarkObjects: 1.327500 ms  DeleteObjects: 0.053800 ms)

========================================================================
Received Import Request.
  Time since last request: 173.422612 seconds.
  path: Assets/Prefab/First Person Character.prefab
  artifactKey: Guid(784194921d7f9443e87a339e74eaa53c) Importer(815301076,1909f56bfc062723c751e8b465ee728b)
Start importing Assets/Prefab/First Person Character.prefab using Guid(784194921d7f9443e87a339e74eaa53c) Importer(815301076,1909f56bfc062723c751e8b465ee728b)  -> (artifact id: 'febc6887db15c916ec2f5013c6786a6a') in 0.040841 seconds
  Import took 0.042729 seconds .

========================================================================
Received Prepare
Registering precompiled user dll's ...
Registered in 0.000541 seconds.
Begin MonoManager ReloadAssembly
Native extension for WindowsStandalone target not found
Refreshing native plugins compatible for Editor in 0.23 ms, found 0 plugins.
Preloading 0 native plugins for Editor in 0.00 ms.
Invoked RoslynAnalysisRunner static constructor.
RoslynAnalysisRunner will not be running.
RoslynAnalysisRunner has terminated.
Mono: successfully reloaded assembly
- Completed reload, in  0.565 seconds
Platform modules already initialized, skipping
Refreshing native plugins compatible for Editor in 0.23 ms, found 0 plugins.
Preloading 0 native plugins for Editor in 0.00 ms.
Unloading 1149 Unused Serialized files (Serialized files now loaded: 0)
System memory in use before: 63.7 MB.
System memory in use after: 63.8 MB.

Unloading 6 unused Assets to reduce memory usage. Loaded Objects now: 1707.
Total: 1.475000 ms (FindLiveObjects: 0.147500 ms CreateObjectMapping: 0.028400 ms MarkObjects: 1.243600 ms  DeleteObjects: 0.054900 ms)

AssetImportWorkerClient::OnTransportError - code=2 error=End of file
